0 info it worked if it ends with ok
1 verbose cli [ '/home/stjepan/.nvm/versions/node/v7.1.0/bin/node',
1 verbose cli   '/home/stjepan/.nvm/versions/node/v7.1.0/bin/npm',
1 verbose cli   'start' ]
2 info using npm@3.10.9
3 info using node@v7.1.0
4 verbose run-script [ 'prestart', 'start', 'poststart' ]
5 info lifecycle houseremote2.1@2.1.0~prestart: houseremote2.1@2.1.0
6 silly lifecycle houseremote2.1@2.1.0~prestart: no script for prestart, continuing
7 info lifecycle houseremote2.1@2.1.0~start: houseremote2.1@2.1.0
8 verbose lifecycle houseremote2.1@2.1.0~start: unsafe-perm in lifecycle true
9 verbose lifecycle houseremote2.1@2.1.0~start: PATH: /home/stjepan/.nvm/versions/node/v7.1.0/lib/node_modules/npm/bin/node-gyp-bin:/home/stjepan/Development/houseremote2.1/node_modules/.bin:/home/stjepan/.nvm/versions/node/v7.1.0/bin:/home/stjepan/bin:/home/stjepan/.local/bin:/home/stjepan/bin:/home/stjepan/.local/bin:/usr/local/sbin:/usr/local/bin:/usr/sbin:/usr/bin:/sbin:/bin:/usr/games:/usr/local/games:/snap/bin:/snap/bin
10 verbose lifecycle houseremote2.1@2.1.0~start: CWD: /home/stjepan/Development/houseremote2.1
11 silly lifecycle houseremote2.1@2.1.0~start: Args: [ '-c', 'CONFIG=prod node built/startup.js' ]
12 silly lifecycle houseremote2.1@2.1.0~start: Returned: code: 1  signal: null
13 info lifecycle houseremote2.1@2.1.0~start: Failed to exec start script
14 verbose stack Error: houseremote2.1@2.1.0 start: `CONFIG=prod node built/startup.js`
14 verbose stack Exit status 1
14 verbose stack     at EventEmitter.<anonymous> (/home/stjepan/.nvm/versions/node/v7.1.0/lib/node_modules/npm/lib/utils/lifecycle.js:255:16)
14 verbose stack     at emitTwo (events.js:106:13)
14 verbose stack     at EventEmitter.emit (events.js:191:7)
14 verbose stack     at ChildProcess.<anonymous> (/home/stjepan/.nvm/versions/node/v7.1.0/lib/node_modules/npm/lib/utils/spawn.js:40:14)
14 verbose stack     at emitTwo (events.js:106:13)
14 verbose stack     at ChildProcess.emit (events.js:191:7)
14 verbose stack     at maybeClose (internal/child_process.js:885:16)
14 verbose stack     at Process.ChildProcess._handle.onexit (internal/child_process.js:226:5)
15 verbose pkgid houseremote2.1@2.1.0
16 verbose cwd /home/stjepan/Development/houseremote2.1
17 error Linux 4.8.0-30-generic
18 error argv "/home/stjepan/.nvm/versions/node/v7.1.0/bin/node" "/home/stjepan/.nvm/versions/node/v7.1.0/bin/npm" "start"
19 error node v7.1.0
20 error npm  v3.10.9
21 error code ELIFECYCLE
22 error houseremote2.1@2.1.0 start: `CONFIG=prod node built/startup.js`
22 error Exit status 1
23 error Failed at the houseremote2.1@2.1.0 start script 'CONFIG=prod node built/startup.js'.
23 error Make sure you have the latest version of node.js and npm installed.
23 error If you do, this is most likely a problem with the houseremote2.1 package,
23 error not with npm itself.
23 error Tell the author that this fails on your system:
23 error     CONFIG=prod node built/startup.js
23 error You can get information on how to open an issue for this project with:
23 error     npm bugs houseremote2.1
23 error Or if that isn't available, you can get their info via:
23 error     npm owner ls houseremote2.1
23 error There is likely additional logging output above.
24 verbose exit [ 1, true ]
